  main.cpp
H:\INF155\TP3\v1\INF155Lab3\mod_vehicule.h(24,8): error C2371: 't_vehicule' : redéfinition ; types de base différents
  mod_dessin.cpp
H:\INF155\TP3\v1\INF155Lab3\mod_voie.h(23): message : voir la déclaration de 't_vehicule'
H:\INF155\TP3\v1\INF155Lab3\mod_vehicule.h(24,8): error C2371: 't_vehicule' : redéfinition ; types de base différents
  mod_route.cpp
H:\INF155\TP3\v1\INF155Lab3\mod_voie.h(23): message : voir la déclaration de 't_vehicule'
H:\INF155\TP3\v1\INF155Lab3\mod_route.h(10,25): error C2371: 't_vehicule' : redéfinition ; types de base différents
H:\INF155\TP3\v1\INF155Lab3\mod_dessin.h(23): message : voir la déclaration de 't_vehicule'
H:\INF155\TP3\v1\INF155Lab3\mod_vehicule.h(22,25): error C2371: 't_vehicule' : redéfinition ; types de base différents
H:\INF155\TP3\v1\INF155Lab3\mod_dessin.h(23): message : voir la déclaration de 't_vehicule'
H:\INF155\TP3\v1\INF155Lab3\mod_voie.h(23,25): error C2371: 't_vehicule' : redéfinition ; types de base différents
H:\INF155\TP3\v1\INF155Lab3\mod_vehicule.h(24): message : voir la déclaration de 't_vehicule'
  mod_vehicule.cpp
H:\INF155\TP3\v1\INF155Lab3\mod_route.cpp(29,29): warning C4244: 'argument' : conversion de 'double' en 'int', perte possible de données
H:\INF155\TP3\v1\INF155Lab3\mod_voie.h(23,25): error C2371: 't_vehicule' : redéfinition ; types de base différents
H:\INF155\TP3\v1\INF155Lab3\mod_dessin.h(23): message : voir la déclaration de 't_vehicule'
H:\INF155\TP3\v1\INF155Lab3\mod_route.h(10,25): error C2371: 't_vehicule' : redéfinition ; types de base différents
H:\INF155\TP3\v1\INF155Lab3\mod_dessin.h(23): message : voir la déclaration de 't_vehicule'
H:\INF155\TP3\v1\INF155Lab3\mod_vehicule.h(22,25): error C2371: 't_vehicule' : redéfinition ; types de base différents
H:\INF155\TP3\v1\INF155Lab3\mod_dessin.h(23): message : voir la déclaration de 't_vehicule'
H:\INF155\TP3\v1\INF155Lab3\mod_vehicule.cpp(18,10): error C2027: utilisation du type non défini 't_vehicule'
H:\INF155\TP3\v1\INF155Lab3\mod_vehicule.h(24): message : voir la déclaration de 't_vehicule'
H:\INF155\TP3\v1\INF155Lab3\mod_vehicule.cpp(19,10): error C2027: utilisation du type non défini 't_vehicule'
H:\INF155\TP3\v1\INF155Lab3\mod_vehicule.h(24): message : voir la déclaration de 't_vehicule'
H:\INF155\TP3\v1\INF155Lab3\mod_vehicule.cpp(20,10): error C2027: utilisation du type non défini 't_vehicule'
H:\INF155\TP3\v1\INF155Lab3\mod_vehicule.h(24): message : voir la déclaration de 't_vehicule'
H:\INF155\TP3\v1\INF155Lab3\mod_vehicule.cpp(21,10): error C2027: utilisation du type non défini 't_vehicule'
H:\INF155\TP3\v1\INF155Lab3\mod_vehicule.h(24): message : voir la déclaration de 't_vehicule'
H:\INF155\TP3\v1\INF155Lab3\mod_vehicule.cpp(32,30): error C2027: utilisation du type non défini 't_vehicule'
H:\INF155\TP3\v1\INF155Lab3\mod_vehicule.h(24): message : voir la déclaration de 't_vehicule'
H:\INF155\TP3\v1\INF155Lab3\mod_vehicule.cpp(34,10): error C2027: utilisation du type non défini 't_vehicule'
H:\INF155\TP3\v1\INF155Lab3\mod_vehicule.h(24): message : voir la déclaration de 't_vehicule'
H:\INF155\TP3\v1\INF155Lab3\mod_vehicule.cpp(35,10): error C2027: utilisation du type non défini 't_vehicule'
H:\INF155\TP3\v1\INF155Lab3\mod_vehicule.h(24): message : voir la déclaration de 't_vehicule'
H:\INF155\TP3\v1\INF155Lab3\mod_vehicule.cpp(37,10): error C2027: utilisation du type non défini 't_vehicule'
H:\INF155\TP3\v1\INF155Lab3\mod_vehicule.h(24): message : voir la déclaration de 't_vehicule'
H:\INF155\TP3\v1\INF155Lab3\mod_vehicule.cpp(38,10): error C2027: utilisation du type non défini 't_vehicule'
H:\INF155\TP3\v1\INF155Lab3\mod_vehicule.h(24): message : voir la déclaration de 't_vehicule'
H:\INF155\TP3\v1\INF155Lab3\mod_vehicule.cpp(40,10): error C2027: utilisation du type non défini 't_vehicule'
H:\INF155\TP3\v1\INF155Lab3\mod_vehicule.h(24): message : voir la déclaration de 't_vehicule'
H:\INF155\TP3\v1\INF155Lab3\mod_vehicule.cpp(41,10): error C2027: utilisation du type non défini 't_vehicule'
H:\INF155\TP3\v1\INF155Lab3\mod_vehicule.h(24): message : voir la déclaration de 't_vehicule'
H:\INF155\TP3\v1\INF155Lab3\mod_vehicule.cpp(43,10): error C2027: utilisation du type non défini 't_vehicule'
H:\INF155\TP3\v1\INF155Lab3\mod_vehicule.h(24): message : voir la déclaration de 't_vehicule'
H:\INF155\TP3\v1\INF155Lab3\mod_vehicule.cpp(44,10): error C2027: utilisation du type non défini 't_vehicule'
H:\INF155\TP3\v1\INF155Lab3\mod_vehicule.h(24): message : voir la déclaration de 't_vehicule'
H:\INF155\TP3\v1\INF155Lab3\mod_vehicule.cpp(58,40): error C2027: utilisation du type non défini 't_vehicule'
  mod_voie.cpp
H:\INF155\TP3\v1\INF155Lab3\mod_vehicule.h(24): message : voir la déclaration de 't_vehicule'
H:\INF155\TP3\v1\INF155Lab3\mod_route.h(10,25): error C2371: 't_vehicule' : redéfinition ; types de base différents
H:\INF155\TP3\v1\INF155Lab3\mod_dessin.h(23): message : voir la déclaration de 't_vehicule'
H:\INF155\TP3\v1\INF155Lab3\mod_vehicule.h(22,25): error C2371: 't_vehicule' : redéfinition ; types de base différents
H:\INF155\TP3\v1\INF155Lab3\mod_dessin.h(23): message : voir la déclaration de 't_vehicule'
H:\INF155\TP3\v1\INF155Lab3\mod_voie.h(23,25): error C2371: 't_vehicule' : redéfinition ; types de base différents
H:\INF155\TP3\v1\INF155Lab3\mod_vehicule.h(24): message : voir la déclaration de 't_vehicule'
H:\INF155\TP3\v1\INF155Lab3\mod_voie.cpp(60,6): error C2027: utilisation du type non défini 't_vehicule'
H:\INF155\TP3\v1\INF155Lab3\mod_vehicule.h(24): message : voir la déclaration de 't_vehicule'
H:\INF155\TP3\v1\INF155Lab3\mod_voie.cpp(137,51): error C2027: utilisation du type non défini 't_vehicule'
H:\INF155\TP3\v1\INF155Lab3\mod_vehicule.h(24): message : voir la déclaration de 't_vehicule'
H:\INF155\TP3\v1\INF155Lab3\mod_voie.cpp(137,107): error C2027: utilisation du type non défini 't_vehicule'
H:\INF155\TP3\v1\INF155Lab3\mod_vehicule.h(24): message : voir la déclaration de 't_vehicule'
H:\INF155\TP3\v1\INF155Lab3\mod_voie.cpp(138,52): error C2027: utilisation du type non défini 't_vehicule'
H:\INF155\TP3\v1\INF155Lab3\mod_vehicule.h(24): message : voir la déclaration de 't_vehicule'
H:\INF155\TP3\v1\INF155Lab3\mod_voie.cpp(138,109): error C2027: utilisation du type non défini 't_vehicule'
  Génération de code en cours...
H:\INF155\TP3\v1\INF155Lab3\mod_vehicule.h(24): message : voir la déclaration de 't_vehicule'
